# JRE version: Java(TM) SE Runtime Environment (8.0_51-b16) (build 1.8.0_51-b16)
# Java VM: Java HotSpot(TM) 64-Bit Server VM (25.51-b03 mixed mode bsd-amd64 compressed oops)
Heap:
 PSYoungGen      total 76288K, used 54923K [0x000000076ab00000, 0x0000000770000000, 0x00000007c0000000)
  eden space 65536K, 83% used [0x000000076ab00000,0x000000076e0a2f28,0x000000076eb00000)
  from space 10752K, 0% used [0x000000076f580000,0x000000076f580000,0x0000000770000000)
  to   space 10752K, 0% used [0x000000076eb00000,0x000000076eb00000,0x000000076f580000)
 ParOldGen       total 72192K, used 6362K [0x00000006c0000000, 0x00000006c4680000, 0x000000076ab00000)
  object space 72192K, 8% used [0x00000006c0000000,0x00000006c0636b90,0x00000006c4680000)
 Metaspace       used 23059K, capacity 24792K, committed 24960K, reserved 1071104K
  class space    used 3130K, capacity 3452K, committed 3456K, reserved 1048576K
GC Heap History (6 events):
Event: 13.189 GC heap before
{Heap before GC invocations=1 (full 0):
 PSYoungGen      total 76288K, used 65536K [0x000000076ab00000, 0x0000000770000000, 0x00000007c0000000)
  eden space 65536K, 100% used [0x000000076ab00000,0x000000076eb00000,0x000000076eb00000)
  from space 10752K, 0% used [0x000000076f580000,0x000000076f580000,0x0000000770000000)
  to   space 10752K, 0% used [0x000000076eb00000,0x000000076eb00000,0x000000076f580000)
 ParOldGen       total 175104K, used 0K [0x00000006c0000000, 0x00000006cab00000, 0x000000076ab00000)
  object space 175104K, 0% used [0x00000006c0000000,0x00000006c0000000,0x00000006cab00000)
 Metaspace       used 19593K, capacity 20660K, committed 20992K, reserved 1067008K
  class space    used 2748K, capacity 2976K, committed 3072K, reserved 1048576K
Event: 13.198 GC heap after
Heap after GC invocations=1 (full 0):
 PSYoungGen      total 76288K, used 7629K [0x000000076ab00000, 0x0000000770000000, 0x00000007c0000000)
  eden space 65536K, 0% used [0x000000076ab00000,0x000000076ab00000,0x000000076eb00000)
  from space 10752K, 70% used [0x000000076eb00000,0x000000076f2737a0,0x000000076f580000)
  to   space 10752K, 0% used [0x000000076f580000,0x000000076f580000,0x0000000770000000)
 ParOldGen       total 175104K, used 88K [0x00000006c0000000, 0x00000006cab00000, 0x000000076ab00000)
  object space 175104K, 0% used [0x00000006c0000000,0x00000006c0016010,0x00000006cab00000)
 Metaspace       used 19593K, capacity 20660K, committed 20992K, reserved 1067008K
  class space    used 2748K, capacity 2976K, committed 3072K, reserved 1048576K
}
Event: 20.971 GC heap before
{Heap before GC invocations=2 (full 0):
 PSYoungGen      total 76288K, used 12527K [0x000000076ab00000, 0x0000000770000000, 0x00000007c0000000)
  eden space 65536K, 7% used [0x000000076ab00000,0x000000076afc8788,0x000000076eb00000)
  from space 10752K, 70% used [0x000000076eb00000,0x000000076f2737a0,0x000000076f580000)
  to   space 10752K, 0% used [0x000000076f580000,0x000000076f580000,0x0000000770000000)
 ParOldGen       total 175104K, used 88K [0x00000006c0000000, 0x00000006cab00000, 0x000000076ab00000)
  object space 175104K, 0% used [0x00000006c0000000,0x00000006c0016010,0x00000006cab00000)
 Metaspace       used 20193K, capacity 21224K, committed 21296K, reserved 1067008K
  class space    used 2792K, capacity 3022K, committed 3072K, reserved 1048576K
Event: 20.977 GC heap after
Heap after GC invocations=2 (full 0):
 PSYoungGen      total 76288K, used 6714K [0x000000076ab00000, 0x0000000770000000, 0x00000007c0000000)
  eden space 65536K, 0% used [0x000000076ab00000,0x000000076ab00000,0x000000076eb00000)
  from space 10752K, 62% used [0x000000076f580000,0x000000076fc0eb10,0x0000000770000000)
  to   space 10752K, 0% used [0x000000076eb00000,0x000000076eb00000,0x000000076f580000)
 ParOldGen       total 175104K, used 96K [0x00000006c0000000, 0x00000006cab00000, 0x000000076ab00000)
  object space 175104K, 0% used [0x00000006c0000000,0x00000006c0018010,0x00000006cab00000)
 Metaspace       used 20193K, capacity 21224K, committed 21296K, reserved 1067008K
  class space    used 2792K, capacity 3022K, committed 3072K, reserved 1048576K
}
Event: 20.977 GC heap before
{Heap before GC invocations=3 (full 1):
 PSYoungGen      total 76288K, used 6714K [0x000000076ab00000, 0x0000000770000000, 0x00000007c0000000)
  eden space 65536K, 0% used [0x000000076ab00000,0x000000076ab00000,0x000000076eb00000)
  from space 10752K, 62% used [0x000000076f580000,0x000000076fc0eb10,0x0000000770000000)
  to   space 10752K, 0% used [0x000000076eb00000,0x000000076eb00000,0x000000076f580000)
 ParOldGen       total 175104K, used 96K [0x00000006c0000000, 0x00000006cab00000, 0x000000076ab00000)
  object space 175104K, 0% used [0x00000006c0000000,0x00000006c0018010,0x00000006cab00000)
 Metaspace       used 20193K, capacity 21224K, committed 21296K, reserved 1067008K
  class space    used 2792K, capacity 3022K, committed 3072K, reserved 1048576K
Event: 21.003 GC heap after
Heap after GC invocations=3 (full 1):
 PSYoungGen      total 76288K, used 0K [0x000000076ab00000, 0x0000000770000000, 0x00000007c0000000)
  eden space 65536K, 0% used [0x000000076ab00000,0x000000076ab00000,0x000000076eb00000)
  from space 10752K, 0% used [0x000000076f580000,0x000000076f580000,0x0000000770000000)
  to   space 10752K, 0% used [0x000000076eb00000,0x000000076eb00000,0x000000076f580000)
 ParOldGen       total 72192K, used 6362K [0x00000006c0000000, 0x00000006c4680000, 0x000000076ab00000)
  object space 72192K, 8% used [0x00000006c0000000,0x00000006c0636b90,0x00000006c4680000)
 Metaspace       used 20193K, capacity 21224K, committed 21296K, reserved 1067008K
  class space    used 2792K, capacity 3022K, committed 3072K, reserved 1048576K
}

